[DEBUG] 2023-11-29 15:46:28.730 [restartedMain] DefaultListableBeanFactory - Autowiring by type from bean name 'requestMappingHandlerAdapter' via factory method to bean named 'mvcContentNegotiationManager'
[DEBUG] 2023-11-29 15:46:28.732 [restartedMain] DefaultListableBeanFactory - Autowiring by type from bean name 'requestMappingHandlerAdapter' via factory method to bean named 'mvcConversionService'
[DEBUG] 2023-11-29 15:46:28.732 [restartedMain] DefaultListableBeanFactory - Autowiring by type from bean name 'requestMappingHandlerAdapter' via factory method to bean named 'mvcValidator'
[DEBUG] 2023-11-29 15:46:28.733 [restartedMain] DefaultListableBeanFactory - Autowiring by type from bean name 'requestMappingHandlerAdapter' via factory method to bean named 'mvcContentNegotiationManager'
[DEBUG] 2023-11-29 15:46:28.734 [restartedMain] DefaultListableBeanFactory - Autowiring by type from bean name 'requestMappingHandlerAdapter' via factory method to bean named 'mvcConversionService'
[DEBUG] 2023-11-29 15:46:28.734 [restartedMain] DefaultListableBeanFactory - Autowiring by type from bean name 'requestMappingHandlerAdapter' via factory method to bean named 'mvcValidator'
[DEBUG] 2023-11-29 15:46:28.741 [restartedMain] DefaultListableBeanFactory - Creating shared instance of singleton bean 'applicationTaskExecutor'
[DEBUG] 2023-11-29 15:46:28.741 [restartedMain] DefaultListableBeanFactory - Autowiring by type from bean name 'applicationTaskExecutor' via factory method to bean named 'taskExecutorBuilder'
[DEBUG] 2023-11-29 15:46:28.744 [restartedMain] ThreadPoolTaskExecutor - Initializing ExecutorService 'applicationTaskExecutor'
[DEBUG] 2023-11-29 15:46:28.753 [restartedMain] RequestMappingHandlerAdapter - ControllerAdvice beans: 0 @ModelAttribute, 0 @InitBinder, 1 RequestBodyAdvice, 1 ResponseBodyAdvice
[DEBUG] 2023-11-29 15:46:28.769 [restartedMain] DefaultListableBeanFactory - Creating shared instance of singleton bean 'welcomePageHandlerMapping'
[DEBUG] 2023-11-29 15:46:28.769 [restartedMain] DefaultListableBeanFactory - Creating shared instance of singleton bean 'mvcResourceUrlProvider'
[DEBUG] 2023-11-29 15:46:28.772 [restartedMain] DefaultListableBeanFactory - Autowiring by type from bean name 'welcomePageHandlerMapping' via factory method to bean named 'org.springframework.boot.web.servlet.context.AnnotationConfigServletWebServerApplicationContext@1955e57'
[DEBUG] 2023-11-29 15:46:28.772 [restartedMain] DefaultListableBeanFactory - Autowiring by type from bean name 'welcomePageHandlerMapping' via factory method to bean named 'mvcConversionService'
[DEBUG] 2023-11-29 15:46:28.772 [restartedMain] DefaultListableBeanFactory - Autowiring by type from bean name 'welcomePageHandlerMapping' via factory method to bean named 'mvcResourceUrlProvider'
[INFO ] 2023-11-29 15:46:28.774 [restartedMain] WelcomePageHandlerMapping - Adding welcome page: class path resource [static/index.html]
[DEBUG] 2023-11-29 15:46:28.778 [restartedMain] DefaultListableBeanFactory - Creating shared instance of singleton bean 'welcomePageNotAcceptableHandlerMapping'
[DEBUG] 2023-11-29 15:46:28.779 [restartedMain] DefaultListableBeanFactory - Autowiring by type from bean name 'welcomePageNotAcceptableHandlerMapping' via factory method to bean named 'org.springframework.boot.web.servlet.context.AnnotationConfigServletWebServerApplicationContext@1955e57'
[DEBUG] 2023-11-29 15:46:28.779 [restartedMain] DefaultListableBeanFactory - Autowiring by type from bean name 'welcomePageNotAcceptableHandlerMapping' via factory method to bean named 'mvcConversionService'
[DEBUG] 2023-11-29 15:46:28.779 [restartedMain] DefaultListableBeanFactory - Autowiring by type from bean name 'welcomePageNotAcceptableHandlerMapping' via factory method to bean named 'mvcResourceUrlProvider'
[DEBUG] 2023-11-29 15:46:28.780 [restartedMain] DefaultListableBeanFactory - Creating shared instance of singleton bean 'localeResolver'
[DEBUG] 2023-11-29 15:46:28.781 [restartedMain] DefaultListableBeanFactory - Creating shared instance of singleton bean 'themeResolver'
[DEBUG] 2023-11-29 15:46:28.782 [restartedMain] DefaultListableBeanFactory - Creating shared instance of singleton bean 'flashMapManager'
[DEBUG] 2023-11-29 15:46:28.783 [restartedMain] DefaultListableBeanFactory - Creating shared instance of singleton bean 'requestMappingHandlerMapping'
[DEBUG] 2023-11-29 15:46:28.783 [restartedMain] DefaultListableBeanFactory - Autowiring by type from bean name 'requestMappingHandlerMapping' via factory method to bean named 'mvcContentNegotiationManager'
[DEBUG] 2023-11-29 15:46:28.783 [restartedMain] DefaultListableBeanFactory - Autowiring by type from bean name 'requestMappingHandlerMapping' via factory method to bean named 'mvcConversionService'
[DEBUG] 2023-11-29 15:46:28.783 [restartedMain] DefaultListableBeanFactory - Autowiring by type from bean name 'requestMappingHandlerMapping' via factory method to bean named 'mvcResourceUrlProvider'
[DEBUG] 2023-11-29 15:46:28.799 [restartedMain] Mappings - 
	o.w.V.c.DefinitionController:
	{GET [/api/v1/define/{word}]}: getInvoices(String)
